date: 2014-02-04 21:15:25.743
argv: node /usr/local/bin/hexo g
os: Darwin 13.0.0 darwin x64
version:
  hexo: 2.4.5
  http_parser: 1.0
  node: 0.10.25
  v8: 3.14.5.9
  ares: 1.9.0-DEV
  uv: 0.10.23
  zlib: 1.2.3
  modules: 11
  openssl: 1.0.1e
---

[debug] 21:15:25.457 Configuration file load successfully
[debug] 21:15:25.459 Version info checked successfully
[debug] 21:15:25.492 Loading database.
[debug] 21:15:25.547 Plugin loaded successfully: hexo-generator-feed
[debug] 21:15:25.567 Plugin loaded successfully: hexo-generator-sitemap
[debug] 21:15:25.591 Theme layout loaded
[debug] 21:15:25.599 Theme configuration loaded
[debug] 21:15:25.640 Processed: favicon.ico
[debug] 21:15:25.641 Processed: ga.js
[debug] 21:15:25.642 Processed: jquery.min.js
[debug] 21:15:25.643 Processed: to-markdown.js
[debug] 21:15:25.657 Theme source loaded
[debug] 21:15:25.672 Theme language files loaded
[debug] 21:15:25.713 Processed: 404.html
[debug] 21:15:25.714 Processed: to-markdown.html
[debug] 21:15:25.733 Processed: about/index.md
[debug] 21:15:25.734 Processed: todolist/index.md
[error] 21:15:25.735 { rawMessage: 'Unable to parse.',
  parsedLine: 3,
  snippet: 'tags:[hexo]',
  parsedFile: null,
  message: 'Unable to parse.',
  domain: 
   { domain: null,
     _events: { error: [Function] },
     _maxListeners: 10,
     members: [],
     _disposed: true },
  domainThrown: true }
[debug] 21:15:25.742 Processed: _posts/about.md
[debug] 21:15:25.743 Processed: _posts/hello-world.md
[debug] 21:15:25.743 Processed: _posts/hexo1.md
[debug] 21:15:25.744 Processed: _posts/jishu.md
[debug] 21:15:25.744 Processed: _posts/life.md